# JRE version: OpenJDK Runtime Environment (18.0.1.1+2) (build 18.0.1.1+2-6)
# Java VM: OpenJDK 64-Bit Server VM (18.0.1.1+2-6, mixed mode, sharing, tiered, compressed oops, compressed class ptrs, g1 gc, windows-amd64)
GC Precious Log:
 CardTable entry size: 512
 Card Set container configuration: InlinePtr #cards 4 size 8 Array Of Cards #cards 16 size 48 Howl #buckets 8 coarsen threshold 3686 Howl Bitmap #cards 512 size 80 coarsen threshold 460 Card regions per heap region 1 cards per card region 4096
 CPUs: 12 total, 12 available
 Memory: 14188M
 Large Page Support: Disabled
 NUMA Support: Disabled
 Compressed Oops: Enabled (Zero based)
 Heap Region Size: 2M
 Heap Min Capacity: 8M
 Heap Initial Capacity: 222M
 Heap Max Capacity: 3548M
 Pre-touch: Disabled
 Parallel Workers: 10
 Concurrent Workers: 3
 Concurrent Refinement Workers: 10
 Periodic GC: Disabled
Heap:
 garbage-first heap   total 61440K, used 20264K [0x0000000722400000, 0x0000000800000000)
  region size 2048K, 10 young (20480K), 5 survivors (10240K)
 Metaspace       used 21790K, committed 22144K, reserved 1114112K
  class space    used 2862K, committed 3008K, reserved 1048576K
GC Heap History (6 events):
Event: 0.722 GC heap before
{Heap before GC invocations=0 (full 0):
 garbage-first heap   total 227328K, used 22528K [0x0000000722400000, 0x0000000800000000)
  region size 2048K, 11 young (22528K), 0 survivors (0K)
 Metaspace       used 4571K, committed 4800K, reserved 1114112K
  class space    used 492K, committed 576K, reserved 1048576K
}
Event: 0.725 GC heap after
{Heap after GC invocations=1 (full 0):
 garbage-first heap   total 227328K, used 2794K [0x0000000722400000, 0x0000000800000000)
  region size 2048K, 2 young (4096K), 2 survivors (4096K)
 Metaspace       used 4571K, committed 4800K, reserved 1114112K
  class space    used 492K, committed 576K, reserved 1048576K
}
Event: 2.232 GC heap before
{Heap before GC invocations=1 (full 0):
 garbage-first heap   total 227328K, used 37610K [0x0000000722400000, 0x0000000800000000)
  region size 2048K, 19 young (38912K), 2 survivors (4096K)
 Metaspace       used 13378K, committed 13696K, reserved 1114112K
  class space    used 1731K, committed 1856K, reserved 1048576K
}
Event: 2.239 GC heap after
{Heap after GC invocations=2 (full 0):
 garbage-first heap   total 227328K, used 9917K [0x0000000722400000, 0x0000000800000000)
  region size 2048K, 3 young (6144K), 3 survivors (6144K)
 Metaspace       used 13378K, committed 13696K, reserved 1114112K
  class space    used 1731K, committed 1856K, reserved 1048576K
}
Event: 8.725 GC heap before
{Heap before GC invocations=2 (full 0):
 garbage-first heap   total 227328K, used 28349K [0x0000000722400000, 0x0000000800000000)
  region size 2048K, 13 young (26624K), 3 survivors (6144K)
 Metaspace       used 21226K, committed 21504K, reserved 1114112K
  class space    used 2830K, committed 2944K, reserved 1048576K
}
Event: 8.732 GC heap after
{Heap after GC invocations=3 (full 0):
 garbage-first heap   total 227328K, used 12072K [0x0000000722400000, 0x0000000800000000)
  region size 2048K, 5 young (10240K), 5 survivors (10240K)
 Metaspace       used 21226K, committed 21504K, reserved 1114112K
  class space    used 2830K, committed 2944K, reserved 1048576K
}

